<?xml version="1.0" encoding="UTF-8"?>
<!-- Generated by org.testng.reporters.JUnitXMLReporter -->
<testsuite ignored="0" hostname="DESKTOP-P77456N" failures="0" tests="3" name="Test" time="50.134" errors="0" timestamp="2024-10-09T23:05:15 IST">
  <testcase classname="com.org.tests.LoginPageTests" name="validateLogin" time="1.473"/>
  <testcase classname="com.org.tests.AdminTestCases" name="validateAdminMenu" time="1.05"/>
  <testcase classname="com.org.tests.PIMTestCases" name="validatePIMMenu" time="0.955"/>
</testsuite> <!-- Test -->
