<?xml version="1.0" encoding="UTF-8"?>
<testng-results ignored="0" total="1" passed="1" failed="0" skipped="0">
  <reporter-output>
  </reporter-output>
  <suite started-at="2024-10-10T23:16:53 IST" name="Default suite" finished-at="2024-10-10T23:17:22 IST" duration-ms="29912">
    <groups>
    </groups>
    <test started-at="2024-10-10T23:16:53 IST" name="Default test" finished-at="2024-10-10T23:17:22 IST" duration-ms="29912">
      <class name="com.org.tests.AdminTestCases">
        <test-method is-config="true" signature="openBrowser()[pri:0, instance:com.org.tests.AdminTestCases@6c6cb480]" started-at="2024-10-10T23:16:53 IST" name="openBrowser" finished-at="2024-10-10T23:17:03 IST" duration-ms="10268" status="PASS">
          <reporter-output>
          </reporter-output>
        </test-method> <!-- openBrowser -->
        <test-method is-config="true" signature="validateLogin()[pri:0, instance:com.org.tests.AdminTestCases@6c6cb480]" started-at="2024-10-10T23:17:03 IST" name="validateLogin" finished-at="2024-10-10T23:17:09 IST" duration-ms="5739" status="PASS">
          <reporter-output>
          </reporter-output>
        </test-method> <!-- validateLogin -->
        <test-method signature="validateWorkShifts()[pri:0, instance:com.org.tests.AdminTestCases@6c6cb480]" started-at="2024-10-10T23:17:09 IST" name="validateWorkShifts" finished-at="2024-10-10T23:17:22 IST" duration-ms="13862" status="PASS">
          <reporter-output>
          </reporter-output>
        </test-method> <!-- validateWorkShifts -->
      </class> <!-- com.org.tests.AdminTestCases -->
    </test> <!-- Default test -->
  </suite> <!-- Default suite -->
</testng-results>
