<?xml version="1.0" encoding="UTF-8"?>
<!-- Generated by org.testng.reporters.JUnitXMLReporter -->
<testsuite ignored="2" hostname="DESKTOP-P77456N" failures="0" tests="1" name="Default test" time="29.912" errors="0" timestamp="2024-10-10T23:17:22 IST">
  <testcase classname="com.org.tests.AdminTestCases" name="validateWorkShifts" time="13.862"/>
  <testcase classname="com.org.tests.AdminTestCases" name="validatePayGrades" time="0.0">
    <ignored/>
  </testcase> <!-- validatePayGrades -->
  <testcase classname="com.org.tests.AdminTestCases" name="validateJobTitles" time="0.0">
    <ignored/>
  </testcase> <!-- validateJobTitles -->
</testsuite> <!-- Default test -->
